<?xml version="1.0" encoding="UTF-8"?>
<testsuite xmlns:xsi="http://www.w3.org/2001/XMLSchema-instance" xsi:noNamespaceSchemaLocation="https://maven.apache.org/surefire/maven-surefire-plugin/xsd/surefire-test-report-3.0.xsd" version="3.0" name="com.mycompany.bank.BankTest" time="0.044" tests="5" errors="0" skipped="0" failures="0">
  <properties>
[...]
</properties>
  <testcase name="testWithdraw" classname="com.mycompany.bank.BankTest" time="0.021">
    <system-out><![CDATA[Withdrawn: 400.0
Balance: 600.0
]]></system-out>
  </testcase>
  <testcase name="testOverdraft" classname="com.mycompany.bank.BankTest" time="0.002">
    <system-out><![CDATA[Withdrawn: 1400.0
Balance: -400.0
]]></system-out>
  </testcase>
  <testcase name="testInsufficientFunds" classname="com.mycompany.bank.BankTest" time="0.001">
    <system-out><![CDATA[Insufficient funds!
]]></system-out>
  </testcase>
  <testcase name="testDeposit" classname="com.mycompany.bank.BankTest" time="0.0">
    <system-out><![CDATA[Deposited: 500.0
Balance: 1500.0
]]></system-out>
  </testcase>
  <testcase name="testInterest" classname="com.mycompany.bank.BankTest" time="0.001">
    <system-out><![CDATA[Interest added: 100.0
New Balance: 1100.0
]]></system-out>
  </testcase>
</testsuite>